10:50:21.360 -> Hello from setup_qspi m4 getline stuff.   Found QSPI Flash.
10:50:21.360 -> NOV 2018: Mounted filesystem!
10:50:21.360 -> SPI_FlashROM_FILENAME: /forth/ascii_xfer_a001.txt
10:50:21.946 -> 
10:50:21.946 ->  warm boot message - early bird.               c: 8c8141d2866
10:50:21.946 ->  SIWNA +trm4x +fm4x +crickitCPX  c4e DEVPR - gen-exp-m4  04 Nov 2018
10:50:21.946 ->           type 'warm' to reboot
10:50:21.946 ->  Sun Nov 4 02:32:24 2018       testing-gg-      
10:50:21.946 ->  4737-a3c-00d- Trellis M4 Express sand birds[33m[44m[40m
10:50:22.837 -> 
10:50:22.837 ->    [44m  ainsuForth - 2018 - wa1tnr  [40m  words: 107  
10:50:22.837 ->          YAFFA - Yet Another Forth For Arduino, 
10:50:22.837 ->          Copyright (C) 2012 Stuart Wood
10:50:54.723 -> words exit literal type throw evaluate s" ." var-sys over = drop con-sys variable 
10:50:54.755 -> warm . - + * 0= ! ' ( +! , / 2! 2@ 2drop : ; >r @ abs accept allot and 
10:50:54.755 -> begin c! c, c@ char constant strlen < again count cr decimal do dup else 
10:50:54.755 -> emit fill here i if j loop max min negate or quit r> r@ repeat rot source 
10:50:54.755 -> space spaces swap then u. until while word \ xor [char] .( hex help who 
10:50:54.755 -> .s dump (see) see words romEntry ramLast .name delay pinWrite pinMode pinRead 
10:50:54.755 -> eflmkdir load echo! remove download 
10:50:54.755 ->  ok
10:55:33.876 -> load  ok
10:55:33.876 ->    ok
10:55:33.876 ->   ok
10:55:33.910 -> \ samsuanchen@gmail.com 2019/5/6 10:30  ok
10:55:33.910 ->   ok
10:55:33.910 -> : 1- 1 - ;  ok
10:55:33.910 ->   ok
10:55:33.910 -> : 1+ 1 + ;  ok
10:55:33.910 ->   ok
10:55:33.910 -> : cell+ 4 + ;  ok
10:55:33.910 ->   ok
10:55:33.910 -> : cell- 4 - ;  ok
10:55:33.910 ->   ok
10:55:33.910 -> : nip swap drop ;  ok
10:55:33.910 ->   ok
10:55:33.910 -> : 2dup over over ;  ok
10:55:33.910 ->   ok
10:55:33.910 -> : O \ ( pin -- ) set pinMode as OUTPUT    1 swap pinMode ;  ok
10:55:33.910 ->   ok
10:55:33.910 -> : I \ ( pin -- ) set pinMode as INPUT    2 swap pinMode ;  ok
10:55:33.910 ->   ok
10:55:33.910 -> : H \ ( pin -- ) set pinLevel as HIGH    1 swap pinWrite ;  ok
10:55:33.910 ->   ok
10:55:33.910 -> : L \ ( pin -- ) set pinLevel as LOW    0 swap pinWrite ;  ok
10:55:33.910 ->   ok
10:55:33.910 -> : T \ ( pin -- ) toggle pinLevel     1 over pinRead - swap pinWrite ;  ok
10:55:33.945 ->   ok
10:55:33.945 -> : X \ ( pin n -- ) toggle pinLevel times    over O 0 do dup T 500 delay loop drop ;  ok
10:55:33.945 ->   ok
10:55:33.945 -> : t \ ( -- ) show 9 * 9 table    10 1 do cr 10 1 do i j * dup 10 < if space then . loop loop ;  ok
10:55:33.945 ->   ok
10:55:33.945 ->    ok
10:55:33.945 ->   ok
10:55:33.945 -> : y \ ( n -- ) check if n is zero    if ." non-zero" else ." zero" then ;  ok
10:55:33.945 ->   ok
10:55:33.945 -> : z \ ( n -- ) check if n is zero    if ." non-" then ." zero" ;  ok
10:55:33.945 ->   ok
10:55:33.945 -> : countRomWords ( -- n ) 1    begin 1+ dup romEntry @ 0=    until 1- ;  ok
10:55:33.980 ->   ok
10:55:33.980 ->     ok
10:55:33.980 ->   ok
10:55:33.980 -> : romWords \ ( -- ) show all words defined in rom    countRomWords    begin dup    while dup .name space 1-    repeat drop ;  ok
10:55:33.980 ->   ok
10:55:33.980 -> : >ffa ( cfa -- ffa ) dup cell-    begin cell- 2dup @ =    until cell+ nip ;  ok
10:55:33.980 ->   ok
10:55:33.980 -> : >name ( cfa -- nameAdr ) >ffa 1+ ;  ok
10:55:33.980 ->   ok
10:55:33.980 -> : print ( zStr -- )    begin dup c@ dup    while emit 1+    repeat 2drop ;  ok
10:55:33.980 ->   ok
10:55:33.980 ->     ok
10:55:33.980 ->   ok
10:55:34.014 -> : .name ( cfa -- ) >name print ;  ok
10:55:34.014 ->   ok
10:55:34.014 -> : .id ( nfa -- ) 1+ print ;  ok
10:55:34.014 ->   ok
10:55:34.014 -> : immediate? ( flag -- ) $80 and ;  ok
10:55:34.014 ->   ok
10:55:34.014 -> : compile-only? ( flag -- ) $40 and ;  ok
10:55:34.014 ->   ok
10:55:34.014 -> : smudge? ( flag -- ) $20 and ;  ok
10:55:34.014 ->   ok
10:55:34.014 -> : entry>link ( ramWordEntry -- lfa ) ;  ok
10:55:34.014 ->   ok
10:55:34.014 -> : entry>cfa ( ramWordEntry -- cfa ) 4 + @ ;  ok
10:55:34.014 ->   ok
10:55:34.014 -> : countRamWords ( -- n ) 0 ramLast    begin dup    while swap 1 + swap entry>link @    repeat drop ;  ok
10:55:34.014 ->   ok
10:55:34.014 -> : ramWords \ ( -- ) show all words defined in ram    ramLast    begin dup    while dup entry>cfa .name space entry>link @    repeat drop ;  ok
10:55:34.048 ->   ok
10:55:34.048 ->     ok
10:55:34.048 ->   ok
10:55:34.048 -> : words \ ( -- ) show all words defined in ram and rom    cr ramWords romWords ;  ok
10:55:34.048 ->   ok
10:55:34.048 -> : seeRamWords \ ( -- ) see all words in ram    countRomWords countRamWords +    ramLast    begin dup    while swap dup . 1 - swap dup entry>cfa (see) entry>link @    repeat 2drop ;  ok
10:55:34.048 ->   ok
10:55:34.048 -> : seeRomWords \ ( -- ) see all words in rom    countRomWords    begin dup    while dup . dup (see) 1 -    repeat drop ;  ok
10:55:34.082 ->   ok
10:55:34.082 -> : seeAll \ ( -- ) see all words   cr  seeRamWords seeRomWords ;  ok
10:55:34.082 ->   ok
10:55:34.082 -> words 
10:55:34.082 -> seeAll seeRomWords seeRamWords words ramWords countRamWords entry>cfa entry>link smudge? compile-only? immediate? .id .name print >name >ffa romWords countRomWords z y t X T L H I O 2dup nip cell- cell+ 1+ 1- download remove echo! load eflmkdir pinRead pinMode pinWrite delay .name ramLast romEntry words see (see) dump .s who help hex .( [char] xor \ word while until u. then swap spaces space source rot repeat r@ r> quit or negate min max loop j if i here fill emit else dup do decimal cr count again < strlen constant char c@ c, c! begin and allot accept abs @ >r ; : 2drop 2@ 2! / , +! ( ' ! 0= * + - . warm variable con-sys drop = over var-sys ." s" evaluate plus_loop-sys leave-sys loop-sys do-sys throw subroutine zjump jump type literal exit  ok
10:55:34.117 ->   ok
10:55:34.117 -> seeAll 
10:55:34.117 -> 140 
10:55:34.117 -> HighLevel Colon Word seeAll (ramEntry 200008EC)
10:55:34.117 -> 200008fcX 00000036 cr
10:55:34.117 -> 20000900X 2000083C seeRamWords
10:55:34.117 -> 20000904X 200008B0 seeRomWords
10:55:34.117 -> 20000908X 00000001 exit
10:55:34.117 -> 139 
10:55:34.117 -> HighLevel Colon Word seeRomWords (ramEntry 20000898)
10:55:34.117 -> 200008b0X 20000570 countRomWords
10:55:34.117 -> 200008b4X 00000039 dup
10:55:34.117 -> 200008b8X 00000005 zjump(200008E4)
10:55:34.117 -> 200008c0X 00000039 dup
10:55:34.117 -> 200008c4X 00000016 .
10:55:34.117 -> 200008c8X 00000039 dup
10:55:34.117 -> 200008ccX 0000005D (see)
10:55:34.117 -> 200008d0X 00000002 literal(00000001)
10:55:34.117 -> 200008d8X 00000017 -
10:55:34.117 -> 200008dcX 00000004 jump(200008B4)
10:55:34.117 -> 200008e4X 00000012 drop
10:55:34.117 -> 200008e8X 00000001 exit
10:55:34.117 -> 138 
10:55:34.117 -> HighLevel Colon Word seeRamWords (ramEntry 20000824)
10:55:34.117 -> 2000083cX 20000570 countRomWords
10:55:34.117 -> 20000840X 20000774 countRamWords
10:55:34.117 -> 20000844X 00000018 +
10:55:34.117 -> 20000848X 00000061 ramLast
10:55:34.117 -> 2000084cX 00000039 dup
10:55:34.117 -> 20000850X 00000005 zjump(20000890)
10:55:34.117 -> 20000858X 0000004E swap
10:55:34.117 -> 2000085cX 00000039 dup
10:55:34.117 -> 20000860X 00000016 .
10:55:34.117 -> 20000864X 00000002 literal(00000001)
10:55:34.117 -> 2000086cX 00000017 -
10:55:34.117 -> 20000870X 0000004E swap
10:55:34.117 -> 20000874X 00000039 dup
10:55:34.117 -> 20000878X 20000748 entry>cfa
10:55:34.117 -> 2000087cX 0000005D (see)
10:55:34.117 -> 20000880X 20000730 entry>link
10:55:34.117 -> 20000884X 00000027 @
10:55:34.117 -> 20000888X 00000004 jump(2000084C)
10:55:34.117 -> 20000890X 00000023 2drop
10:55:34.117 -> 20000894X 00000001 exit
10:55:34.117 -> 137 
10:55:34.117 -> HighLevel Colon Word words (ramEntry 20000804)
10:55:34.117 -> 20000814X 00000036 cr
10:55:34.117 -> 20000818X 200007CC ramWords
10:55:34.117 -> 2000081cX 200005B0 romWords
10:55:34.117 -> 20000820X 00000001 exit
10:55:34.117 -> 136 
10:55:34.117 -> HighLevel Colon Word ramWords (ramEntry 200007B8)
10:55:34.117 -> 200007ccX 00000061 ramLast
10:55:34.117 -> 200007d0X 00000039 dup
10:55:34.117 -> 200007d4X 00000005 zjump(200007FC)
10:55:34.117 -> 200007dcX 00000039 dup
10:55:34.117 -> 200007e0X 20000748 entry>cfa
10:55:34.117 -> 200007e4X 20000684 .name
10:55:34.117 -> 200007e8X 0000004C space
10:55:34.117 -> 200007ecX 20000730 entry>link
10:55:34.117 -> 200007f0X 00000027 @
10:55:34.117 -> 200007f4X 00000004 jump(200007D0)
10:55:34.117 -> 200007fcX 00000012 drop
10:55:34.117 -> 20000800X 00000001 exit
10:55:34.117 -> 135 
10:55:34.117 -> HighLevel Colon Word countRamWords (ramEntry 2000075C)
10:55:34.117 -> 20000774X 00000002 literal(00000000)
10:55:34.117 -> 2000077cX 00000061 ramLast
10:55:34.117 -> 20000780X 00000039 dup
10:55:34.117 -> 20000784X 00000005 zjump(200007B0)
10:55:34.117 -> 2000078cX 0000004E swap
10:55:34.117 -> 20000790X 00000002 literal(00000001)
10:55:34.117 -> 20000798X 00000018 +
10:55:34.117 -> 2000079cX 0000004E swap
10:55:34.117 -> 200007a0X 20000730 entry>link
10:55:34.117 -> 200007a4X 00000027 @
10:55:34.117 -> 200007a8X 00000004 jump(20000780)
10:55:34.117 -> 200007b0X 00000012 drop
10:55:34.117 -> 200007b4X 00000001 exit
10:55:34.117 -> 134 
10:55:34.117 -> HighLevel Colon Word entry>cfa (ramEntry 20000734)
10:55:34.117 -> 20000748X 00000002 literal(00000004)
10:55:34.117 -> 20000750X 00000018 +
10:55:34.117 -> 20000754X 00000027 @
10:55:34.117 -> 20000758X 00000001 exit
10:55:34.117 -> 133 
10:55:34.117 -> HighLevel Colon Word entry>link (ramEntry 2000071C)
10:55:34.117 -> 20000730X 00000001 exit
10:55:34.117 -> 132 
10:55:34.117 -> HighLevel Colon Word smudge? (ramEntry 200006F8)
10:55:34.117 -> 2000070cX 00000002 literal(00000020)
10:55:34.117 -> 20000714X 0000002B and
10:55:34.117 -> 20000718X 00000001 exit
10:55:34.117 -> 131 
10:55:34.117 -> HighLevel Colon Word compile-only? (ramEntry 200006D0)
10:55:34.117 -> 200006e8X 00000002 literal(00000040)
10:55:34.117 -> 200006f0X 0000002B and
10:55:34.117 -> 200006f4X 00000001 exit
10:55:34.117 -> 130 
10:55:34.117 -> HighLevel Colon Word immediate? (ramEntry 200006AC)
10:55:34.117 -> 200006c0X 00000002 literal(00000080)
10:55:34.117 -> 200006c8X 0000002B and
10:55:34.117 -> 200006ccX 00000001 exit
10:55:34.117 -> 129 
10:55:34.117 -> HighLevel Colon Word .id (ramEntry 20000690)
10:55:34.117 -> 200006a0X 200002FC 1+
10:55:34.117 -> 200006a4X 20000648 print
10:55:34.117 -> 200006a8X 00000001 exit
10:55:34.117 -> 128 
10:55:34.117 -> HighLevel Colon Word .name (ramEntry 20000674)
10:55:34.117 -> 20000684X 2000062C >name
10:55:34.117 -> 20000688X 20000648 print
10:55:34.117 -> 2000068cX 00000001 exit
10:55:34.117 -> 127 
10:55:34.117 -> HighLevel Colon Word print (ramEntry 20000638)
10:55:34.117 -> 20000648X 00000039 dup
10:55:34.117 -> 2000064cX 0000002F c@
10:55:34.117 -> 20000650X 00000039 dup
10:55:34.117 -> 20000654X 00000005 zjump(2000066C)
10:55:34.117 -> 2000065cX 0000003B emit
10:55:34.117 -> 20000660X 200002FC 1+
10:55:34.117 -> 20000664X 00000004 jump(20000648)
10:55:34.117 -> 2000066cX 00000023 2drop
10:55:34.117 -> 20000670X 00000001 exit
10:55:34.117 -> 126 
10:55:34.117 -> HighLevel Colon Word >name (ramEntry 2000061C)
10:55:34.117 -> 2000062cX 200005F0 >ffa
10:55:34.117 -> 20000630X 200002FC 1+
10:55:34.117 -> 20000634X 00000001 exit
10:55:34.117 -> 125 
10:55:34.117 -> HighLevel Colon Word >ffa (ramEntry 200005E0)
10:55:34.117 -> 200005f0X 00000039 dup
10:55:34.117 -> 200005f4X 2000033C cell-
10:55:34.117 -> 200005f8X 2000033C cell-
10:55:34.117 -> 200005fcX 20000378 2dup
10:55:34.117 -> 20000600X 00000027 @
10:55:34.117 -> 20000604X 00000011 =
10:55:34.117 -> 20000608X 00000005 zjump(200005F8)
10:55:34.117 -> 20000610X 2000031C cell+
10:55:34.117 -> 20000614X 2000035C nip
10:55:34.117 -> 20000618X 00000001 exit
10:55:34.117 -> 124 
10:55:34.117 -> HighLevel Colon Word romWords (ramEntry 2000059C)
10:55:34.117 -> 200005b0X 20000570 countRomWords
10:55:34.117 -> 200005b4X 00000039 dup
10:55:34.117 -> 200005b8X 00000005 zjump(200005D8)
10:55:34.117 -> 200005c0X 00000039 dup
10:55:34.117 -> 200005c4X 00000062 .name
10:55:34.117 -> 200005c8X 0000004C space
10:55:34.117 -> 200005ccX 200002E0 1-
10:55:34.117 -> 200005d0X 00000004 jump(200005B4)
10:55:34.117 -> 200005d8X 00000012 drop
10:55:34.117 -> 200005dcX 00000001 exit
10:55:34.117 -> 123 
10:55:34.117 -> HighLevel Colon Word countRomWords (ramEntry 20000558)
10:55:34.117 -> 20000570X 00000002 literal(00000001)
10:55:34.117 -> 20000578X 200002FC 1+
10:55:34.117 -> 2000057cX 00000039 dup
10:55:34.117 -> 20000580X 00000060 romEntry
10:55:34.117 -> 20000584X 00000027 @
10:55:34.117 -> 20000588X 0000001A 0=
10:55:34.117 -> 2000058cX 00000005 zjump(20000578)
10:55:34.117 -> 20000594X 200002E0 1-
10:55:34.117 -> 20000598X 00000001 exit
10:55:34.117 -> 122 
10:55:34.117 -> HighLevel Colon Word z (ramEntry 20000528)
10:55:34.117 -> 20000534X 00000005 zjump(20000548)
10:55:34.117 -> 2000053cX 0000000E ." non-"
10:55:34.117 -> 20000548X 0000000E ." zero"
10:55:34.117 -> 20000554X 00000001 exit
10:55:34.117 -> 121 
10:55:34.117 -> HighLevel Colon Word y (ramEntry 200004EC)
10:55:34.117 -> 200004f8X 00000005 zjump(20000518)
10:55:34.117 -> 20000500X 0000000E ." non-zero"
10:55:34.117 -> 20000510X 00000004 jump(20000524)
10:55:34.117 -> 20000518X 0000000E ." zero"
10:55:34.117 -> 20000524X 00000001 exit
10:55:34.117 -> 120 
10:55:34.117 -> HighLevel Colon Word t (ramEntry 20000474)
10:55:34.117 -> 20000480X 00000002 literal(0000000A)
10:55:34.117 -> 20000488X 00000002 literal(00000001)
10:55:34.117 -> 20000490X 00000008 do-sys
10:55:34.117 -> 20000494X 00000036 cr
10:55:34.117 -> 20000498X 00000002 literal(0000000A)
10:55:34.117 -> 200004a0X 00000002 literal(00000001)
10:55:34.117 -> 200004a8X 00000008 do-sys
10:55:34.117 -> 200004acX 0000003E i
10:55:34.117 -> 200004b0X 00000040 j
10:55:34.117 -> 200004b4X 00000019 *
10:55:34.117 -> 200004b8X 00000039 dup
10:55:34.117 -> 200004bcX 00000002 literal(0000000A)
10:55:34.117 -> 200004c4X 00000033 <
10:55:34.117 -> 200004c8X 00000005 zjump(200004D4)
10:55:34.117 -> 200004d0X 0000004C space
10:55:34.117 -> 200004d4X 00000016 .
10:55:34.117 -> 200004d8X 00000009 loop-sys(200004AC)
10:55:34.117 -> 200004e0X 00000009 loop-sys(20000494)
10:55:34.117 -> 200004e8X 00000001 exit
10:55:34.117 -> 119 
10:55:34.117 -> HighLevel Colon Word X (ramEntry 20000430)
10:55:34.117 -> 2000043cX 00000010 over
10:55:34.117 -> 20000440X 20000390 O
10:55:34.117 -> 20000444X 00000002 literal(00000000)
10:55:34.117 -> 2000044cX 00000008 do-sys
10:55:34.117 -> 20000450X 00000039 dup
10:55:34.117 -> 20000454X 20000410 T
10:55:34.117 -> 20000458X 00000002 literal(000001F4)
10:55:34.117 -> 20000460X 00000063 delay
10:55:34.117 -> 20000464X 00000009 loop-sys(20000450)
10:55:34.117 -> 2000046cX 00000012 drop
10:55:34.117 -> 20000470X 00000001 exit
10:55:34.117 -> 118 
10:55:34.117 -> HighLevel Colon Word T (ramEntry 20000404)
10:55:34.117 -> 20000410X 00000002 literal(00000001)
10:55:34.117 -> 20000418X 00000010 over
10:55:34.117 -> 2000041cX 00000066 pinRead
10:55:34.117 -> 20000420X 00000017 -
10:55:34.117 -> 20000424X 0000004E swap
10:55:34.152 -> 20000428X 00000064 pinWrite
10:55:34.152 -> 2000042cX 00000001 exit
10:55:34.152 -> 117 
10:55:34.152 -> HighLevel Colon Word L (ramEntry 200003E4)
10:55:34.152 -> 200003f0X 00000002 literal(00000000)
10:55:34.152 -> 200003f8X 0000004E swap
10:55:34.152 -> 200003fcX 00000064 pinWrite
10:55:34.152 -> 20000400X 00000001 exit
10:55:34.152 -> 116 
10:55:34.152 -> HighLevel Colon Word H (ramEntry 200003C4)
10:55:34.152 -> 200003d0X 00000002 literal(00000001)
10:55:34.152 -> 200003d8X 0000004E swap
10:55:34.152 -> 200003dcX 00000064 pinWrite
10:55:34.152 -> 200003e0X 00000001 exit
10:55:34.152 -> 115 
10:55:34.152 -> HighLevel Colon Word I (ramEntry 200003A4)
10:55:34.152 -> 200003b0X 00000002 literal(00000002)
10:55:34.152 -> 200003b8X 0000004E swap
10:55:34.152 -> 200003bcX 00000065 pinMode
10:55:34.152 -> 200003c0X 00000001 exit
10:55:34.152 -> 114 
10:55:34.152 -> HighLevel Colon Word O (ramEntry 20000384)
10:55:34.152 -> 20000390X 00000002 literal(00000001)
10:55:34.152 -> 20000398X 0000004E swap
10:55:34.152 -> 2000039cX 00000065 pinMode
10:55:34.152 -> 200003a0X 00000001 exit
10:55:34.152 -> 113 
10:55:34.152 -> HighLevel Colon Word 2dup (ramEntry 20000368)
10:55:34.152 -> 20000378X 00000010 over
10:55:34.152 -> 2000037cX 00000010 over
10:55:34.152 -> 20000380X 00000001 exit
10:55:34.152 -> 112 
10:55:34.152 -> HighLevel Colon Word nip (ramEntry 2000034C)
10:55:34.152 -> 2000035cX 0000004E swap
10:55:34.152 -> 20000360X 00000012 drop
10:55:34.152 -> 20000364X 00000001 exit
10:55:34.152 -> 111 
10:55:34.152 -> HighLevel Colon Word cell- (ramEntry 2000032C)
10:55:34.152 -> 2000033cX 00000002 literal(00000004)
10:55:34.152 -> 20000344X 00000017 -
10:55:34.152 -> 20000348X 00000001 exit
10:55:34.152 -> 110 
10:55:34.152 -> HighLevel Colon Word cell+ (ramEntry 2000030C)
10:55:34.152 -> 2000031cX 00000002 literal(00000004)
10:55:34.152 -> 20000324X 00000018 +
10:55:34.152 -> 20000328X 00000001 exit
10:55:34.152 -> 109 
10:55:34.152 -> HighLevel Colon Word 1+ (ramEntry 200002F0)
10:55:34.152 -> 200002fcX 00000002 literal(00000001)
10:55:34.152 -> 20000304X 00000018 +
10:55:34.152 -> 20000308X 00000001 exit
10:55:34.152 -> 108 
10:55:34.152 -> HighLevel Colon Word 1- (ramEntry 200002D4)
10:55:34.152 -> 200002e0X 00000002 literal(00000001)
10:55:34.152 -> 200002e8X 00000017 -
10:55:34.152 -> 200002ecX 00000001 exit
10:55:34.152 -> 107 
10:55:34.152 -> LowLevel Primitive Word download (romEntry ECD0)
10:55:34.152 -> 106 
10:55:34.152 -> LowLevel Primitive Word remove (romEntry ECC4)
10:55:34.152 -> 105 
10:55:34.152 -> LowLevel Primitive Word echo! (romEntry ECB8)
10:55:34.152 -> 104 
10:55:34.152 -> LowLevel Primitive Word load (romEntry ECAC)
10:55:34.152 -> 103 
10:55:34.152 -> SMUDGE COMP_ONLY IMMEDIATE LowLevel Primitive Word eflmkdir (romEntry ECA0)
10:55:34.152 -> 102 
10:55:34.152 -> LowLevel Primitive Word pinRead (romEntry EC94)
10:55:34.152 -> 101 
10:55:34.152 -> LowLevel Primitive Word pinMode (romEntry EC88)
10:55:34.152 -> 100 
10:55:34.152 -> LowLevel Primitive Word pinWrite (romEntry EC7C)
10:55:34.152 -> 99 
10:55:34.152 -> LowLevel Primitive Word delay (romEntry EC70)
10:55:34.152 -> 98 
10:55:34.152 -> LowLevel Primitive Word .name (romEntry EC64)
10:55:34.152 -> 97 
10:55:34.152 -> LowLevel Primitive Word ramLast (romEntry EC58)
10:55:34.152 -> 96 
10:55:34.152 -> LowLevel Primitive Word romEntry (romEntry EC4C)
10:55:34.152 -> 95 
10:55:34.152 -> LowLevel Primitive Word words (romEntry EC40)
10:55:34.152 -> 94 
10:55:34.152 -> LowLevel Primitive Word see (romEntry EC34)
10:55:34.152 -> 93 
10:55:34.152 -> LowLevel Primitive Word (see) (romEntry EC28)
10:55:34.152 -> 92 
10:55:34.152 -> LowLevel Primitive Word dump (romEntry EC1C)
10:55:34.152 -> 91 
10:55:34.152 -> LowLevel Primitive Word .s (romEntry EC10)
10:55:34.152 -> 90 
10:55:34.152 -> LowLevel Primitive Word who (romEntry EC04)
10:55:34.152 -> 89 
10:55:34.152 -> LowLevel Primitive Word help (romEntry EBF8)
10:55:34.152 -> 88 
10:55:34.152 -> LowLevel Primitive Word hex (romEntry EBEC)
10:55:34.152 -> 87 
10:55:34.152 -> SMUDGE COMP_ONLY IMMEDIATE LowLevel Primitive Word .( (romEntry EBE0)
10:55:34.152 -> 86 
10:55:34.152 -> SMUDGE COMP_ONLY IMMEDIATE LowLevel Primitive Word [char] (romEntry EBD4)
10:55:34.152 -> 85 
10:55:34.152 -> LowLevel Primitive Word xor (romEntry EBC8)
10:55:34.152 -> 84 
10:55:34.152 -> SMUDGE COMP_ONLY IMMEDIATE LowLevel Primitive Word \ (romEntry EBBC)
10:55:34.152 -> 83 
10:55:34.152 -> LowLevel Primitive Word word (romEntry EBB0)
10:55:34.152 -> 82 
10:55:34.152 -> SMUDGE COMP_ONLY IMMEDIATE LowLevel Primitive Word while (romEntry EBA4)
10:55:34.152 -> 81 
10:55:34.152 -> SMUDGE COMP_ONLY IMMEDIATE LowLevel Primitive Word until (romEntry EB98)
10:55:34.152 -> 80 
10:55:34.152 -> LowLevel Primitive Word u. (romEntry EB8C)
10:55:34.152 -> 79 
10:55:34.152 -> SMUDGE COMP_ONLY IMMEDIATE LowLevel Primitive Word then (romEntry EB80)
10:55:34.152 -> 78 
10:55:34.152 -> LowLevel Primitive Word swap (romEntry EB74)
10:55:34.152 -> 77 
10:55:34.152 -> LowLevel Primitive Word spaces (romEntry EB68)
10:55:34.152 -> 76 
10:55:34.152 -> LowLevel Primitive Word space (romEntry EB5C)
10:55:34.152 -> 75 
10:55:34.152 -> LowLevel Primitive Word source (romEntry EB50)
10:55:34.152 -> 74 
10:55:34.152 -> LowLevel Primitive Word rot (romEntry EB44)
10:55:34.152 -> 73 
10:55:34.152 -> SMUDGE COMP_ONLY IMMEDIATE LowLevel Primitive Word repeat (romEntry EB38)
10:55:34.152 -> 72 
10:55:34.152 -> LowLevel Primitive Word r@ (romEntry EB2C)
10:55:34.152 -> 71 
10:55:34.152 -> LowLevel Primitive Word r> (romEntry EB20)
10:55:34.152 -> 70 
10:55:34.152 -> LowLevel Primitive Word quit (romEntry EB14)
10:55:34.152 -> 69 
10:55:34.152 -> LowLevel Primitive Word or (romEntry EB08)
10:55:34.152 -> 68 
10:55:34.152 -> LowLevel Primitive Word negate (romEntry EAFC)
10:55:34.152 -> 67 
10:55:34.152 -> LowLevel Primitive Word min (romEntry EAF0)
10:55:34.152 -> 66 
10:55:34.152 -> LowLevel Primitive Word max (romEntry EAE4)
10:55:34.152 -> 65 
10:55:34.152 -> SMUDGE COMP_ONLY IMMEDIATE LowLevel Primitive Word loop (romEntry EAD8)
10:55:34.152 -> 64 
10:55:34.152 -> LowLevel Primitive Word j (romEntry EACC)
10:55:34.152 -> 63 
10:55:34.152 -> SMUDGE COMP_ONLY IMMEDIATE LowLevel Primitive Word if (romEntry EAC0)
10:55:34.152 -> 62 
10:55:34.152 -> LowLevel Primitive Word i (romEntry EAB4)
10:55:34.152 -> 61 
10:55:34.152 -> LowLevel Primitive Word here (romEntry EAA8)
10:55:34.152 -> 60 
10:55:34.152 -> LowLevel Primitive Word fill (romEntry EA9C)
10:55:34.152 -> 59 
10:55:34.152 -> LowLevel Primitive Word emit (romEntry EA90)
10:55:34.152 -> 58 
10:55:34.152 -> SMUDGE COMP_ONLY IMMEDIATE LowLevel Primitive Word else (romEntry EA84)
10:55:34.152 -> 57 
10:55:34.152 -> LowLevel Primitive Word dup (romEntry EA78)
10:55:34.152 -> 56 
10:55:34.152 -> SMUDGE COMP_ONLY IMMEDIATE LowLevel Primitive Word do (romEntry EA6C)
10:55:34.152 -> 55 
10:55:34.152 -> LowLevel Primitive Word decimal (romEntry EA60)
10:55:34.152 -> 54 
10:55:34.152 -> LowLevel Primitive Word cr (romEntry EA54)
10:55:34.152 -> 53 
10:55:34.152 -> LowLevel Primitive Word count (romEntry EA48)
10:55:34.152 -> 52 
10:55:34.152 -> SMUDGE COMP_ONLY IMMEDIATE LowLevel Primitive Word again (romEntry EA3C)
10:55:34.152 -> 51 
10:55:34.152 -> LowLevel Primitive Word < (romEntry EA30)
10:55:34.152 -> 50 
10:55:34.152 -> LowLevel Primitive Word strlen (romEntry EA24)
10:55:34.152 -> 49 
10:55:34.152 -> LowLevel Primitive Word constant (romEntry EA18)
10:55:34.152 -> 48 
10:55:34.152 -> LowLevel Primitive Word char (romEntry EA0C)
10:55:34.152 -> 47 
10:55:34.152 -> LowLevel Primitive Word c@ (romEntry EA00)
10:55:34.152 -> 46 
10:55:34.152 -> LowLevel Primitive Word c, (romEntry E9F4)
10:55:34.152 -> 45 
10:55:34.187 -> LowLevel Primitive Word c! (romEntry E9E8)
10:55:34.187 -> 44 
10:55:34.187 -> SMUDGE COMP_ONLY IMMEDIATE LowLevel Primitive Word begin (romEntry E9DC)
10:55:34.187 -> 43 
10:55:34.187 -> LowLevel Primitive Word and (romEntry E9D0)
10:55:34.187 -> 42 
10:55:34.187 -> LowLevel Primitive Word allot (romEntry E9C4)
10:55:34.187 -> 41 
10:55:34.187 -> LowLevel Primitive Word accept (romEntry E9B8)
10:55:34.187 -> 40 
10:55:34.187 -> LowLevel Primitive Word abs (romEntry E9AC)
10:55:34.187 -> 39 
10:55:34.187 -> LowLevel Primitive Word @ (romEntry E9A0)
10:55:34.187 -> 38 
10:55:34.187 -> LowLevel Primitive Word >r (romEntry E994)
10:55:34.187 -> 37 
10:55:34.187 -> SMUDGE COMP_ONLY IMMEDIATE LowLevel Primitive Word ; (romEntry E988)
10:55:34.187 -> 36 
10:55:34.187 -> LowLevel Primitive Word : (romEntry E97C)
10:55:34.187 -> 35 
10:55:34.187 -> LowLevel Primitive Word 2drop (romEntry E970)
10:55:34.187 -> 34 
10:55:34.187 -> LowLevel Primitive Word 2@ (romEntry E964)
10:55:34.187 -> 33 
10:55:34.187 -> LowLevel Primitive Word 2! (romEntry E958)
10:55:34.187 -> 32 
10:55:34.187 -> LowLevel Primitive Word / (romEntry E94C)
10:55:34.187 -> 31 
10:55:34.187 -> LowLevel Primitive Word , (romEntry E940)
10:55:34.187 -> 30 
10:55:34.187 -> LowLevel Primitive Word +! (romEntry E934)
10:55:34.187 -> 29 
10:55:34.187 -> SMUDGE COMP_ONLY IMMEDIATE LowLevel Primitive Word ( (romEntry E928)
10:55:34.187 -> 28 
10:55:34.187 -> LowLevel Primitive Word ' (romEntry E91C)
10:55:34.187 -> 27 
10:55:34.187 -> LowLevel Primitive Word ! (romEntry E910)
10:55:34.187 -> 26 
10:55:34.187 -> LowLevel Primitive Word 0= (romEntry E904)
10:55:34.187 -> 25 
10:55:34.187 -> LowLevel Primitive Word * (romEntry E8F8)
10:55:34.187 -> 24 
10:55:34.187 -> LowLevel Primitive Word + (romEntry E8EC)
10:55:34.187 -> 23 
10:55:34.187 -> LowLevel Primitive Word - (romEntry E8E0)
10:55:34.187 -> 22 
10:55:34.187 -> LowLevel Primitive Word . (romEntry E8D4)
10:55:34.187 -> 21 
10:55:34.187 -> LowLevel Primitive Word warm (romEntry E8C8)
10:55:34.187 -> 20 
10:55:34.187 -> LowLevel Primitive Word variable (romEntry E8BC)
10:55:34.187 -> 19 
10:55:34.187 -> LowLevel Primitive Word con-sys (romEntry E8B0)
10:55:34.187 -> 18 
10:55:34.187 -> LowLevel Primitive Word drop (romEntry E8A4)
10:55:34.187 -> 17 
10:55:34.187 -> LowLevel Primitive Word = (romEntry E898)
10:55:34.187 -> 16 
10:55:34.187 -> LowLevel Primitive Word over (romEntry E88C)
10:55:34.187 -> 15 
10:55:34.187 -> LowLevel Primitive Word var-sys (romEntry E880)
10:55:34.187 -> 14 
10:55:34.187 -> SMUDGE COMP_ONLY IMMEDIATE LowLevel Primitive Word ." (romEntry E874)
10:55:34.187 -> 13 
10:55:34.187 -> SMUDGE COMP_ONLY IMMEDIATE LowLevel Primitive Word s" (romEntry E868)
10:55:34.187 -> 12 
10:55:34.187 -> LowLevel Primitive Word evaluate (romEntry E85C)
10:55:34.187 -> 11 
10:55:34.187 -> SMUDGE COMP_ONLY IMMEDIATE LowLevel Primitive Word plus_loop-sys (romEntry E850)
10:55:34.187 -> 10 
10:55:34.187 -> SMUDGE COMP_ONLY IMMEDIATE LowLevel Primitive Word leave-sys (romEntry E844)
10:55:34.187 -> 9 
10:55:34.187 -> SMUDGE COMP_ONLY IMMEDIATE LowLevel Primitive Word loop-sys (romEntry E838)
10:55:34.187 -> 8 
10:55:34.187 -> SMUDGE COMP_ONLY IMMEDIATE LowLevel Primitive Word do-sys (romEntry E82C)
10:55:34.187 -> 7 
10:55:34.187 -> LowLevel Primitive Word throw (romEntry E820)
10:55:34.187 -> 6 
10:55:34.187 -> SMUDGE COMP_ONLY IMMEDIATE LowLevel Primitive Word subroutine (romEntry E814)
10:55:34.187 -> 5 
10:55:34.187 -> SMUDGE COMP_ONLY IMMEDIATE LowLevel Primitive Word zjump (romEntry E808)
10:55:34.187 -> 4 
10:55:34.187 -> SMUDGE COMP_ONLY IMMEDIATE LowLevel Primitive Word jump (romEntry E7FC)
10:55:34.187 -> 3 
10:55:34.187 -> LowLevel Primitive Word type (romEntry E7F0)
10:55:34.187 -> 2 
10:55:34.187 -> SMUDGE COMP_ONLY IMMEDIATE LowLevel Primitive Word literal (romEntry E7E4)
10:55:34.187 -> 1 
10:55:34.187 -> LowLevel Primitive Word exit (romEntry E7D8)
10:55:34.187 ->  ok
10:55:34.187 ->   ok
